<?xml version="1.0" encoding="UTF-8"?>
<!-- Generated by org.testng.reporters.JUnitXMLReporter -->
<testsuite ignored="1" hostname="Krishna" failures="0" tests="3" name="Default test" time="0.057" errors="0" timestamp="2025-04-10T14:31:17 IST">
  <testcase classname="testNG.Priority" name="secondTestCase" time="0.014"/>
  <testcase classname="testNG.Priority" name="thirdTestCase" time="0.003"/>
  <testcase classname="testNG.Priority" name="fourthTestCase" time="0.006"/>
  <testcase classname="testNG.Priority" name="firstTestCase" time="0.0">
    <ignored/>
  </testcase> <!-- firstTestCase -->
</testsuite> <!-- Default test -->
