<?xml version="1.0" encoding="UTF-8"?>
<!-- Generated by org.testng.reporters.JUnitXMLReporter -->
<testsuite ignored="0" hostname="Krishna" failures="0" tests="8" name="Test Group" time="0.073" errors="0" timestamp="2025-02-19T15:38:11 IST">
  <testcase classname="testNG.Grouping" name="apple1" time="0.012"/>
  <testcase classname="testNG.Grouping" name="apple2" time="0.002"/>
  <testcase classname="testNG.Grouping" name="moto1" time="0.002"/>
  <testcase classname="testNG.Grouping" name="moto2" time="0.002"/>
  <testcase classname="testNG.Grouping" name="nothing1" time="0.002"/>
  <testcase classname="testNG.Grouping" name="nothing2" time="0.001"/>
  <testcase classname="testNG.Grouping" name="oppo1" time="0.001"/>
  <testcase classname="testNG.Grouping" name="oppo2" time="0.001"/>
</testsuite> <!-- Test Group -->
