<?xml version="1.0" encoding="UTF-8"?>
<testng-results ignored="0" total="2" passed="2" failed="0" skipped="0">
  <reporter-output>
  </reporter-output>
  <suite started-at="2025-04-10T16:52:46 IST" name="Test Suite" finished-at="2025-04-10T16:52:54 IST" duration-ms="8149">
    <groups>
    </groups>
    <test started-at="2025-04-10T16:52:46 IST" name="TestNg Test" finished-at="2025-04-10T16:52:54 IST" duration-ms="8149">
      <class name="testNG.ParallelTest">
        <test-method signature="openBing()[pri:0, instance:testNG.ParallelTest@6cf0e0ba]" started-at="2025-04-10T16:52:46 IST" name="openBing" finished-at="2025-04-10T16:52:52 IST" duration-ms="5617" status="PASS">
          <reporter-output>
          </reporter-output>
        </test-method> <!-- openBing -->
        <test-method signature="openGoogle()[pri:0, instance:testNG.ParallelTest@6cf0e0ba]" started-at="2025-04-10T16:52:46 IST" name="openGoogle" finished-at="2025-04-10T16:52:54 IST" duration-ms="8123" status="PASS">
          <reporter-output>
          </reporter-output>
        </test-method> <!-- openGoogle -->
      </class> <!-- testNG.ParallelTest -->
    </test> <!-- TestNg Test -->
  </suite> <!-- Test Suite -->
</testng-results>
