<?xml version="1.0" encoding="UTF-8"?>
<!-- Generated by org.testng.reporters.JUnitReportReporter -->
<testsuite hostname="Krishna" failures="0" tests="2" name="Credit_Note.CreditNote_Execute" time="3.350" errors="0" timestamp="2025-03-18T16:57:47 IST" skipped="0">
  <testcase classname="Credit_Note.CreditNote_Execute" name="sideMenuBar" time="3.059"/>
  <system-out/>
  <testcase classname="Credit_Note.CreditNote_Execute" name="creditNoteAdd" time="0.291"/>
  <system-out/>
</testsuite> <!-- Credit_Note.CreditNote_Execute -->
