<?xml version="1.0" encoding="UTF-8"?>
<!-- Generated by org.testng.reporters.JUnitReportReporter -->
<testsuite hostname="Krishna" failures="0" tests="4" name="testNG.Priority" time="0.023" errors="0" timestamp="2025-04-10T14:31:17 IST" skipped="1">
  <testcase classname="testNG.Priority" name="secondTestCase" time="0.014"/>
  <system-out/>
  <testcase classname="testNG.Priority" name="thirdTestCase" time="0.003"/>
  <system-out/>
  <testcase classname="testNG.Priority" name="fourthTestCase" time="0.006"/>
  <system-out/>
  <testcase classname="testNG.Priority" name="firstTestCase">
    <skipped/>
  </testcase> <!-- firstTestCase -->
  <system-out/>
</testsuite> <!-- testNG.Priority -->
